{"/home/xtr3m3/projects/analytics/event-layer/lib/index.js": {"path":"/home/xtr3m3/projects/analytics/event-layer/lib/index.js","statementMap":{"0":{"start":{"line":1,"column":17},"end":{"line":1,"column":0}},"1":{"start":{"line":2,"column":20},"end":{"line":2,"column":0}},"2":{"start":{"line":4,"column":26},"end":{"line":4,"column":0}},"3":{"start":{"line":6,"column":20},"end":{"line":6,"column":2}},"4":{"start":{"line":9,"column":16},"end":{"line":9,"column":2}},"5":{"start":{"line":10,"column":4},"end":{"line":10,"column":29}},"6":{"start":{"line":10,"column":29},"end":{"line":null,"column":-1}},"7":{"start":{"line":11,"column":4},"end":{"line":11,"column":74}},"8":{"start":{"line":11,"column":74},"end":{"line":null,"column":-1}},"9":{"start":{"line":12,"column":4},"end":{"line":null,"column":-1}},"10":{"start":{"line":15,"column":2},"end":{"line":null,"column":-1}},"11":{"start":{"line":17,"column":6},"end":{"line":22,"column":7}},"12":{"start":{"line":18,"column":8},"end":{"line":null,"column":-1}},"13":{"start":{"line":19,"column":8},"end":{"line":null,"column":-1}},"14":{"start":{"line":21,"column":8},"end":{"line":null,"column":-1}},"15":{"start":{"line":25,"column":6},"end":{"line":26,"column":8}},"16":{"start":{"line":26,"column":8},"end":{"line":null,"column":-1}},"17":{"start":{"line":29,"column":6},"end":{"line":29,"column":24}},"18":{"start":{"line":29,"column":24},"end":{"line":null,"column":-1}},"19":{"start":{"line":30,"column":6},"end":{"line":28,"column":61}},"20":{"start":{"line":30,"column":21},"end":{"line":28,"column":61}},"21":{"start":{"line":32,"column":6},"end":{"line":null,"column":-1}},"22":{"start":{"line":34,"column":6},"end":{"line":36,"column":7}},"23":{"start":{"line":35,"column":22},"end":{"line":35,"column":8}},"24":{"start":{"line":43,"column":2},"end":{"line":43,"column":34}},"25":{"start":{"line":43,"column":34},"end":{"line":null,"column":-1}},"26":{"start":{"line":45,"column":12},"end":{"line":45,"column":2}},"27":{"start":{"line":47,"column":2},"end":{"line":51,"column":3}},"28":{"start":{"line":48,"column":14},"end":{"line":48,"column":4}},"29":{"start":{"line":49,"column":4},"end":{"line":49,"column":33}},"30":{"start":{"line":49,"column":33},"end":{"line":null,"column":-1}},"31":{"start":{"line":50,"column":4},"end":{"line":50,"column":35}},"32":{"start":{"line":50,"column":35},"end":{"line":null,"column":-1}},"33":{"start":{"line":53,"column":2},"end":{"line":null,"column":-1}}},"fnMap":{"0":{"name":"(anonymous_0)","decl":{"start":{"line":4,"column":26},"end":{"line":4,"column":31}},"loc":{"start":{"line":4,"column":32},"end":{"line":4,"column":0}}},"1":{"name":"(anonymous_1)","decl":{"start":{"line":9,"column":16},"end":{"line":9,"column":21}},"loc":{"start":{"line":9,"column":22},"end":{"line":9,"column":2}}},"2":{"name":"(anonymous_2)","decl":{"start":{"line":16,"column":17},"end":{"line":16,"column":15}},"loc":{"start":{"line":16,"column":28},"end":{"line":15,"column":9}}},"3":{"name":"(anonymous_3)","decl":{"start":{"line":24,"column":12},"end":{"line":24,"column":10}},"loc":{"start":{"line":24,"column":25},"end":{"line":15,"column":9}}},"4":{"name":"(anonymous_4)","decl":{"start":{"line":28,"column":14},"end":{"line":28,"column":15}},"loc":{"start":{"line":28,"column":61},"end":{"line":37,"column":5}}},"5":{"name":"convertDates","decl":{"start":{"line":42,"column":9},"end":{"line":42,"column":0}},"loc":{"start":{"line":42,"column":38},"end":{"line":54,"column":1}}}},"branchMap":{"0":{"loc":{"start":{"line":10,"column":4},"end":{"line":10,"column":29}},"type":"if","locations":[{"start":{"line":10,"column":4},"end":{"line":10,"column":29}},{"start":{"line":10,"column":4},"end":{"line":10,"column":29}}]},"1":{"loc":{"start":{"line":11,"column":4},"end":{"line":11,"column":74}},"type":"if","locations":[{"start":{"line":11,"column":4},"end":{"line":11,"column":74}},{"start":{"line":11,"column":4},"end":{"line":11,"column":74}}]},"2":{"loc":{"start":{"line":11,"column":8},"end":{"line":11,"column":7}},"type":"binary-expr","locations":[{"start":{"line":11,"column":8},"end":{"line":11,"column":7}},{"start":{"line":11,"column":30},"end":{"line":11,"column":4}}]},"3":{"loc":{"start":{"line":25,"column":6},"end":{"line":26,"column":8}},"type":"if","locations":[{"start":{"line":25,"column":6},"end":{"line":26,"column":8}},{"start":{"line":25,"column":6},"end":{"line":26,"column":8}}]},"4":{"loc":{"start":{"line":25,"column":10},"end":{"line":25,"column":21}},"type":"binary-expr","locations":[{"start":{"line":25,"column":10},"end":{"line":25,"column":21}},{"start":{"line":25,"column":22},"end":{"line":25,"column":6}}]},"5":{"loc":{"start":{"line":29,"column":6},"end":{"line":29,"column":24}},"type":"if","locations":[{"start":{"line":29,"column":6},"end":{"line":29,"column":24}},{"start":{"line":29,"column":6},"end":{"line":29,"column":24}}]},"6":{"loc":{"start":{"line":30,"column":6},"end":{"line":28,"column":61}},"type":"if","locations":[{"start":{"line":30,"column":6},"end":{"line":28,"column":61}},{"start":{"line":30,"column":6},"end":{"line":28,"column":61}}]},"7":{"loc":{"start":{"line":43,"column":2},"end":{"line":43,"column":34}},"type":"if","locations":[{"start":{"line":43,"column":2},"end":{"line":43,"column":34}},{"start":{"line":43,"column":2},"end":{"line":43,"column":34}}]},"8":{"loc":{"start":{"line":49,"column":4},"end":{"line":49,"column":33}},"type":"if","locations":[{"start":{"line":49,"column":4},"end":{"line":49,"column":33}},{"start":{"line":49,"column":4},"end":{"line":49,"column":33}}]},"9":{"loc":{"start":{"line":50,"column":4},"end":{"line":50,"column":35}},"type":"if","locations":[{"start":{"line":50,"column":4},"end":{"line":50,"column":35}},{"start":{"line":50,"column":4},"end":{"line":50,"column":35}}]}},"s":{"0":0,"1":0,"2":0,"3":0,"4":0,"5":0,"6":0,"7":0,"8":0,"9":0,"10":0,"11":0,"12":0,"13":0,"14":0,"15":0,"16":0,"17":0,"18":0,"19":0,"20":0,"21":0,"22":0,"23":0,"24":0,"25":0,"26":0,"27":0,"28":0,"29":0,"30":0,"31":0,"32":0,"33":0},"f":{"0":0,"1":0,"2":0,"3":0,"4":0,"5":0},"b":{"0":[0,0],"1":[0,0],"2":[0,0],"3":[0,0],"4":[0,0],"5":[0,0],"6":[0,0],"7":[0,0],"8":[0,0],"9":[0,0]}}
,"/home/xtr3m3/projects/analytics/event-layer/lib/initialize.js": {"path":"/home/xtr3m3/projects/analytics/event-layer/lib/initialize.js","statementMap":{"0":{"start":{"line":1,"column":10},"end":{"line":1,"column":27}},"1":{"start":{"line":2,"column":17},"end":{"line":2,"column":38}},"2":{"start":{"line":4,"column":0},"end":{"line":27,"column":1}},"3":{"start":{"line":5,"column":32},"end":{"line":5,"column":48}},"4":{"start":{"line":6,"column":36},"end":{"line":6,"column":50}},"5":{"start":{"line":8,"column":21},"end":{"line":8,"column":83}},"6":{"start":{"line":10,"column":2},"end":{"line":12,"column":3}},"7":{"start":{"line":11,"column":4},"end":{"line":11,"column":103}},"8":{"start":{"line":14,"column":26},"end":{"line":14,"column":28}},"9":{"start":{"line":16,"column":2},"end":{"line":24,"column":4}},"10":{"start":{"line":17,"column":20},"end":{"line":17,"column":33}},"11":{"start":{"line":18,"column":4},"end":{"line":18,"column":24}},"12":{"start":{"line":20,"column":4},"end":{"line":23,"column":5}},"13":{"start":{"line":26,"column":2},"end":{"line":26,"column":24}}},"fnMap":{"0":{"name":"(anonymous_0)","decl":{"start":{"line":4,"column":17},"end":{"line":4,"column":18}},"loc":{"start":{"line":4,"column":29},"end":{"line":27,"column":1}},"line":4},"1":{"name":"(anonymous_1)","decl":{"start":{"line":16,"column":39},"end":{"line":16,"column":40}},"loc":{"start":{"line":16,"column":48},"end":{"line":24,"column":3}},"line":16}},"branchMap":{"0":{"loc":{"start":{"line":10,"column":2},"end":{"line":12,"column":3}},"type":"if","locations":[{"start":{"line":10,"column":2},"end":{"line":12,"column":3}},{"start":{"line":10,"column":2},"end":{"line":12,"column":3}}],"line":10}},"s":{"0":1,"1":1,"2":1,"3":1,"4":1,"5":1,"6":1,"7":0,"8":1,"9":1,"10":1,"11":1,"12":1,"13":1},"f":{"0":1,"1":1},"b":{"0":[0,1]},"_coverageSchema":"332fd63041d2c1bcb487cc26dd0d5f7d97098a6c","hash":"308a15903c938d7cd2b52a87c446eebc0df1f681"}
}
