{"/home/xtr3m3/projects/analytics/event-layer/lib/config.js": {"path":"/home/xtr3m3/projects/analytics/event-layer/lib/config.js","statementMap":{"0":{"start":{"line":1,"column":0},"end":{"line":null,"column":-1}},"1":{"start":{"line":6,"column":8},"end":{"line":null,"column":-1}},"2":{"start":{"line":14,"column":8},"end":{"line":null,"column":-1}}},"fnMap":{"0":{"name":"(anonymous_0)","decl":{"start":{"line":5,"column":24},"end":{"line":5,"column":25}},"loc":{"start":{"line":5,"column":56},"end":{"line":4,"column":18}}},"1":{"name":"(anonymous_1)","decl":{"start":{"line":13,"column":27},"end":{"line":13,"column":28}},"loc":{"start":{"line":13,"column":55},"end":{"line":4,"column":18}}},"2":{"name":"(anonymous_2)","decl":{"start":{"line":19,"column":23},"end":{"line":19,"column":24}},"loc":{"start":{"line":19,"column":55},"end":{"line":21,"column":7}}}},"branchMap":{},"s":{"0":0,"1":0,"2":0},"f":{"0":0,"1":0,"2":0},"b":{}}
,"/home/xtr3m3/projects/analytics/event-layer/lib/index.js": {"path":"/home/xtr3m3/projects/analytics/event-layer/lib/index.js","statementMap":{"0":{"start":{"line":1,"column":17},"end":{"line":1,"column":0}},"1":{"start":{"line":3,"column":0},"end":{"line":null,"column":-1}},"2":{"start":{"line":9,"column":2},"end":{"line":9,"column":34}},"3":{"start":{"line":9,"column":34},"end":{"line":null,"column":-1}},"4":{"start":{"line":11,"column":12},"end":{"line":11,"column":2}},"5":{"start":{"line":13,"column":2},"end":{"line":17,"column":3}},"6":{"start":{"line":14,"column":14},"end":{"line":14,"column":4}},"7":{"start":{"line":15,"column":4},"end":{"line":15,"column":33}},"8":{"start":{"line":15,"column":33},"end":{"line":null,"column":-1}},"9":{"start":{"line":16,"column":4},"end":{"line":16,"column":35}},"10":{"start":{"line":16,"column":35},"end":{"line":null,"column":-1}},"11":{"start":{"line":19,"column":2},"end":{"line":null,"column":-1}},"12":{"start":{"line":23,"column":2},"end":{"line":22,"column":63}},"13":{"start":{"line":23,"column":27},"end":{"line":22,"column":63}},"14":{"start":{"line":25,"column":2},"end":{"line":null,"column":-1}},"15":{"start":{"line":27,"column":2},"end":{"line":42,"column":3}},"16":{"start":{"line":28,"column":18},"end":{"line":28,"column":4}},"17":{"start":{"line":31,"column":4},"end":{"line":41,"column":5}},"18":{"start":{"line":36,"column":6},"end":{"line":37,"column":8}},"19":{"start":{"line":37,"column":8},"end":{"line":null,"column":-1}},"20":{"start":{"line":39,"column":6},"end":{"line":40,"column":8}},"21":{"start":{"line":40,"column":8},"end":{"line":null,"column":-1}},"22":{"start":{"line":44,"column":2},"end":{"line":44,"column":52}},"23":{"start":{"line":44,"column":52},"end":{"line":null,"column":-1}},"24":{"start":{"line":48,"column":2},"end":{"line":47,"column":62}},"25":{"start":{"line":48,"column":27},"end":{"line":47,"column":62}},"26":{"start":{"line":50,"column":2},"end":{"line":null,"column":-1}},"27":{"start":{"line":53,"column":2},"end":{"line":59,"column":3}},"28":{"start":{"line":54,"column":4},"end":{"line":null,"column":-1}},"29":{"start":{"line":55,"column":4},"end":{"line":null,"column":-1}},"30":{"start":{"line":56,"column":4},"end":{"line":null,"column":-1}},"31":{"start":{"line":57,"column":4},"end":{"line":null,"column":-1}},"32":{"start":{"line":58,"column":4},"end":{"line":null,"column":-1}},"33":{"start":{"line":62,"column":12},"end":{"line":62,"column":2}},"34":{"start":{"line":63,"column":14},"end":{"line":63,"column":2}},"35":{"start":{"line":64,"column":17},"end":{"line":64,"column":2}},"36":{"start":{"line":65,"column":13},"end":{"line":65,"column":2}},"37":{"start":{"line":67,"column":14},"end":{"line":67,"column":2}},"38":{"start":{"line":74,"column":19},"end":{"line":74,"column":2}},"39":{"start":{"line":76,"column":2},"end":{"line":86,"column":3}},"40":{"start":{"line":77,"column":18},"end":{"line":77,"column":4}},"41":{"start":{"line":80,"column":4},"end":{"line":85,"column":5}},"42":{"start":{"line":83,"column":6},"end":{"line":84,"column":8}},"43":{"start":{"line":84,"column":8},"end":{"line":null,"column":-1}},"44":{"start":{"line":88,"column":2},"end":{"line":88,"column":52}},"45":{"start":{"line":88,"column":52},"end":{"line":null,"column":-1}},"46":{"start":{"line":92,"column":2},"end":{"line":91,"column":52}},"47":{"start":{"line":92,"column":27},"end":{"line":91,"column":52}},"48":{"start":{"line":94,"column":2},"end":{"line":null,"column":-1}},"49":{"start":{"line":96,"column":2},"end":{"line":106,"column":3}},"50":{"start":{"line":97,"column":18},"end":{"line":97,"column":4}},"51":{"start":{"line":100,"column":4},"end":{"line":105,"column":5}},"52":{"start":{"line":103,"column":6},"end":{"line":104,"column":8}},"53":{"start":{"line":104,"column":8},"end":{"line":null,"column":-1}},"54":{"start":{"line":108,"column":2},"end":{"line":108,"column":52}},"55":{"start":{"line":108,"column":52},"end":{"line":null,"column":-1}},"56":{"start":{"line":112,"column":2},"end":{"line":111,"column":55}},"57":{"start":{"line":112,"column":27},"end":{"line":111,"column":55}},"58":{"start":{"line":114,"column":2},"end":{"line":null,"column":-1}},"59":{"start":{"line":116,"column":2},"end":{"line":126,"column":3}},"60":{"start":{"line":117,"column":18},"end":{"line":117,"column":4}},"61":{"start":{"line":120,"column":4},"end":{"line":125,"column":5}},"62":{"start":{"line":123,"column":6},"end":{"line":124,"column":8}},"63":{"start":{"line":124,"column":8},"end":{"line":null,"column":-1}},"64":{"start":{"line":128,"column":2},"end":{"line":128,"column":52}},"65":{"start":{"line":128,"column":52},"end":{"line":null,"column":-1}},"66":{"start":{"line":148,"column":2},"end":{"line":147,"column":65}},"67":{"start":{"line":148,"column":27},"end":{"line":147,"column":65}},"68":{"start":{"line":150,"column":2},"end":{"line":null,"column":-1}},"69":{"start":{"line":153,"column":2},"end":{"line":173,"column":3}},"70":{"start":{"line":154,"column":18},"end":{"line":154,"column":4}},"71":{"start":{"line":156,"column":4},"end":{"line":153,"column":46}},"72":{"start":{"line":156,"column":51},"end":{"line":153,"column":46}},"73":{"start":{"line":159,"column":4},"end":{"line":172,"column":5}},"74":{"start":{"line":162,"column":6},"end":{"line":170,"column":7}},"75":{"start":{"line":163,"column":8},"end":{"line":null,"column":-1}},"76":{"start":{"line":164,"column":13},"end":{"line":170,"column":7}},"77":{"start":{"line":166,"column":8},"end":{"line":167,"column":10}},"78":{"start":{"line":167,"column":10},"end":{"line":null,"column":-1}},"79":{"start":{"line":169,"column":8},"end":{"line":null,"column":-1}},"80":{"start":{"line":175,"column":2},"end":{"line":175,"column":52}},"81":{"start":{"line":175,"column":52},"end":{"line":null,"column":-1}},"82":{"start":{"line":179,"column":0},"end":{"line":null,"column":-1}},"83":{"start":{"line":181,"column":19},"end":{"line":181,"column":0}},"84":{"start":{"line":183,"column":2},"end":{"line":null,"column":-1}},"85":{"start":{"line":190,"column":6},"end":{"line":189,"column":61}},"86":{"start":{"line":190,"column":31},"end":{"line":189,"column":61}},"87":{"start":{"line":192,"column":6},"end":{"line":null,"column":-1}},"88":{"start":{"line":195,"column":6},"end":{"line":null,"column":-1}},"89":{"start":{"line":197,"column":6},"end":{"line":207,"column":7}},"90":{"start":{"line":198,"column":22},"end":{"line":198,"column":8}},"91":{"start":{"line":201,"column":8},"end":{"line":206,"column":9}},"92":{"start":{"line":204,"column":10},"end":{"line":205,"column":12}},"93":{"start":{"line":205,"column":12},"end":{"line":null,"column":-1}},"94":{"start":{"line":209,"column":6},"end":{"line":209,"column":56}},"95":{"start":{"line":209,"column":56},"end":{"line":null,"column":-1}},"96":{"start":{"line":212,"column":6},"end":{"line":213,"column":8}},"97":{"start":{"line":213,"column":8},"end":{"line":null,"column":-1}},"98":{"start":{"line":216,"column":6},"end":{"line":216,"column":26}},"99":{"start":{"line":216,"column":26},"end":{"line":null,"column":-1}},"100":{"start":{"line":217,"column":6},"end":{"line":217,"column":66}},"101":{"start":{"line":217,"column":66},"end":{"line":null,"column":-1}},"102":{"start":{"line":218,"column":6},"end":{"line":null,"column":-1}}},"fnMap":{"0":{"name":"(anonymous_0)","decl":{"start":{"line":3,"column":17},"end":{"line":3,"column":22}},"loc":{"start":{"line":3,"column":23},"end":{"line":3,"column":0}}},"1":{"name":"convertDates","decl":{"start":{"line":8,"column":9},"end":{"line":8,"column":0}},"loc":{"start":{"line":8,"column":38},"end":{"line":20,"column":1}}},"2":{"name":"track","decl":{"start":{"line":22,"column":9},"end":{"line":22,"column":0}},"loc":{"start":{"line":22,"column":63},"end":{"line":45,"column":1}}},"3":{"name":"page","decl":{"start":{"line":47,"column":9},"end":{"line":47,"column":0}},"loc":{"start":{"line":47,"column":62},"end":{"line":89,"column":1}}},"4":{"name":"group","decl":{"start":{"line":91,"column":9},"end":{"line":91,"column":0}},"loc":{"start":{"line":91,"column":52},"end":{"line":109,"column":1}}},"5":{"name":"alias","decl":{"start":{"line":111,"column":9},"end":{"line":111,"column":0}},"loc":{"start":{"line":111,"column":55},"end":{"line":129,"column":1}}},"6":{"name":"fbTrack","decl":{"start":{"line":147,"column":9},"end":{"line":147,"column":0}},"loc":{"start":{"line":147,"column":65},"end":{"line":176,"column":1}}},"7":{"name":"(anonymous_7)","decl":{"start":{"line":181,"column":19},"end":{"line":181,"column":24}},"loc":{"start":{"line":181,"column":25},"end":{"line":181,"column":0}}},"8":{"name":"(anonymous_8)","decl":{"start":{"line":184,"column":17},"end":{"line":184,"column":15}},"loc":{"start":{"line":184,"column":28},"end":{"line":183,"column":9}}},"9":{"name":"(anonymous_9)","decl":{"start":{"line":189,"column":14},"end":{"line":189,"column":15}},"loc":{"start":{"line":189,"column":61},"end":{"line":183,"column":9}}},"10":{"name":"(anonymous_10)","decl":{"start":{"line":211,"column":12},"end":{"line":211,"column":10}},"loc":{"start":{"line":211,"column":25},"end":{"line":183,"column":9}}},"11":{"name":"(anonymous_11)","decl":{"start":{"line":215,"column":13},"end":{"line":215,"column":18}},"loc":{"start":{"line":215,"column":19},"end":{"line":183,"column":9}}}},"branchMap":{"0":{"loc":{"start":{"line":9,"column":2},"end":{"line":9,"column":34}},"type":"if","locations":[{"start":{"line":9,"column":2},"end":{"line":9,"column":34}},{"start":{"line":9,"column":2},"end":{"line":9,"column":34}}]},"1":{"loc":{"start":{"line":15,"column":4},"end":{"line":15,"column":33}},"type":"if","locations":[{"start":{"line":15,"column":4},"end":{"line":15,"column":33}},{"start":{"line":15,"column":4},"end":{"line":15,"column":33}}]},"2":{"loc":{"start":{"line":16,"column":4},"end":{"line":16,"column":35}},"type":"if","locations":[{"start":{"line":16,"column":4},"end":{"line":16,"column":35}},{"start":{"line":16,"column":4},"end":{"line":16,"column":35}}]},"3":{"loc":{"start":{"line":23,"column":2},"end":{"line":22,"column":63}},"type":"if","locations":[{"start":{"line":23,"column":2},"end":{"line":22,"column":63}},{"start":{"line":23,"column":2},"end":{"line":22,"column":63}}]},"4":{"loc":{"start":{"line":31,"column":4},"end":{"line":41,"column":5}},"type":"if","locations":[{"start":{"line":31,"column":4},"end":{"line":41,"column":5}},{"start":{"line":31,"column":4},"end":{"line":41,"column":5}}]},"5":{"loc":{"start":{"line":31,"column":8},"end":{"line":31,"column":7}},"type":"binary-expr","locations":[{"start":{"line":31,"column":8},"end":{"line":31,"column":7}},{"start":{"line":31,"column":27},"end":{"line":31,"column":8}},{"start":{"line":31,"column":43},"end":{"line":31,"column":8}},{"start":{"line":31,"column":83},"end":{"line":31,"column":4}}]},"6":{"loc":{"start":{"line":36,"column":6},"end":{"line":37,"column":8}},"type":"if","locations":[{"start":{"line":36,"column":6},"end":{"line":37,"column":8}},{"start":{"line":36,"column":6},"end":{"line":37,"column":8}}]},"7":{"loc":{"start":{"line":36,"column":10},"end":{"line":36,"column":9}},"type":"binary-expr","locations":[{"start":{"line":36,"column":10},"end":{"line":36,"column":9}},{"start":{"line":36,"column":42},"end":{"line":36,"column":6}}]},"8":{"loc":{"start":{"line":39,"column":6},"end":{"line":40,"column":8}},"type":"if","locations":[{"start":{"line":39,"column":6},"end":{"line":40,"column":8}},{"start":{"line":39,"column":6},"end":{"line":40,"column":8}}]},"9":{"loc":{"start":{"line":39,"column":10},"end":{"line":39,"column":9}},"type":"binary-expr","locations":[{"start":{"line":39,"column":10},"end":{"line":39,"column":9}},{"start":{"line":39,"column":27},"end":{"line":39,"column":6}}]},"10":{"loc":{"start":{"line":44,"column":2},"end":{"line":44,"column":52}},"type":"if","locations":[{"start":{"line":44,"column":2},"end":{"line":44,"column":52}},{"start":{"line":44,"column":2},"end":{"line":44,"column":52}}]},"11":{"loc":{"start":{"line":44,"column":6},"end":{"line":44,"column":17}},"type":"binary-expr","locations":[{"start":{"line":44,"column":6},"end":{"line":44,"column":17}},{"start":{"line":44,"column":18},"end":{"line":44,"column":2}}]},"12":{"loc":{"start":{"line":48,"column":2},"end":{"line":47,"column":62}},"type":"if","locations":[{"start":{"line":48,"column":2},"end":{"line":47,"column":62}},{"start":{"line":48,"column":2},"end":{"line":47,"column":62}}]},"13":{"loc":{"start":{"line":53,"column":2},"end":{"line":59,"column":3}},"type":"if","locations":[{"start":{"line":53,"column":2},"end":{"line":59,"column":3}},{"start":{"line":53,"column":2},"end":{"line":59,"column":3}}]},"14":{"loc":{"start":{"line":53,"column":6},"end":{"line":53,"column":18}},"type":"binary-expr","locations":[{"start":{"line":53,"column":6},"end":{"line":53,"column":18}},{"start":{"line":53,"column":19},"end":{"line":53,"column":18}},{"start":{"line":53,"column":28},"end":{"line":53,"column":6}}]},"15":{"loc":{"start":{"line":62,"column":64},"end":{"line":62,"column":12}},"type":"cond-expr","locations":[{"start":{"line":62,"column":64},"end":{"line":62,"column":12}},{"start":{"line":62,"column":121},"end":{"line":62,"column":2}}]},"16":{"loc":{"start":{"line":80,"column":4},"end":{"line":85,"column":5}},"type":"if","locations":[{"start":{"line":80,"column":4},"end":{"line":85,"column":5}},{"start":{"line":80,"column":4},"end":{"line":85,"column":5}}]},"17":{"loc":{"start":{"line":80,"column":8},"end":{"line":80,"column":7}},"type":"binary-expr","locations":[{"start":{"line":80,"column":8},"end":{"line":80,"column":7}},{"start":{"line":80,"column":27},"end":{"line":80,"column":8}},{"start":{"line":80,"column":43},"end":{"line":80,"column":8}},{"start":{"line":80,"column":83},"end":{"line":80,"column":4}}]},"18":{"loc":{"start":{"line":83,"column":6},"end":{"line":84,"column":8}},"type":"if","locations":[{"start":{"line":83,"column":6},"end":{"line":84,"column":8}},{"start":{"line":83,"column":6},"end":{"line":84,"column":8}}]},"19":{"loc":{"start":{"line":83,"column":10},"end":{"line":83,"column":9}},"type":"binary-expr","locations":[{"start":{"line":83,"column":10},"end":{"line":83,"column":9}},{"start":{"line":83,"column":26},"end":{"line":83,"column":6}}]},"20":{"loc":{"start":{"line":88,"column":2},"end":{"line":88,"column":52}},"type":"if","locations":[{"start":{"line":88,"column":2},"end":{"line":88,"column":52}},{"start":{"line":88,"column":2},"end":{"line":88,"column":52}}]},"21":{"loc":{"start":{"line":88,"column":6},"end":{"line":88,"column":17}},"type":"binary-expr","locations":[{"start":{"line":88,"column":6},"end":{"line":88,"column":17}},{"start":{"line":88,"column":18},"end":{"line":88,"column":2}}]},"22":{"loc":{"start":{"line":92,"column":2},"end":{"line":91,"column":52}},"type":"if","locations":[{"start":{"line":92,"column":2},"end":{"line":91,"column":52}},{"start":{"line":92,"column":2},"end":{"line":91,"column":52}}]},"23":{"loc":{"start":{"line":100,"column":4},"end":{"line":105,"column":5}},"type":"if","locations":[{"start":{"line":100,"column":4},"end":{"line":105,"column":5}},{"start":{"line":100,"column":4},"end":{"line":105,"column":5}}]},"24":{"loc":{"start":{"line":100,"column":8},"end":{"line":100,"column":7}},"type":"binary-expr","locations":[{"start":{"line":100,"column":8},"end":{"line":100,"column":7}},{"start":{"line":100,"column":27},"end":{"line":100,"column":8}},{"start":{"line":100,"column":43},"end":{"line":100,"column":8}},{"start":{"line":100,"column":83},"end":{"line":100,"column":4}}]},"25":{"loc":{"start":{"line":103,"column":6},"end":{"line":104,"column":8}},"type":"if","locations":[{"start":{"line":103,"column":6},"end":{"line":104,"column":8}},{"start":{"line":103,"column":6},"end":{"line":104,"column":8}}]},"26":{"loc":{"start":{"line":103,"column":10},"end":{"line":103,"column":9}},"type":"binary-expr","locations":[{"start":{"line":103,"column":10},"end":{"line":103,"column":9}},{"start":{"line":103,"column":27},"end":{"line":103,"column":6}}]},"27":{"loc":{"start":{"line":108,"column":2},"end":{"line":108,"column":52}},"type":"if","locations":[{"start":{"line":108,"column":2},"end":{"line":108,"column":52}},{"start":{"line":108,"column":2},"end":{"line":108,"column":52}}]},"28":{"loc":{"start":{"line":108,"column":6},"end":{"line":108,"column":17}},"type":"binary-expr","locations":[{"start":{"line":108,"column":6},"end":{"line":108,"column":17}},{"start":{"line":108,"column":18},"end":{"line":108,"column":2}}]},"29":{"loc":{"start":{"line":112,"column":2},"end":{"line":111,"column":55}},"type":"if","locations":[{"start":{"line":112,"column":2},"end":{"line":111,"column":55}},{"start":{"line":112,"column":2},"end":{"line":111,"column":55}}]},"30":{"loc":{"start":{"line":120,"column":4},"end":{"line":125,"column":5}},"type":"if","locations":[{"start":{"line":120,"column":4},"end":{"line":125,"column":5}},{"start":{"line":120,"column":4},"end":{"line":125,"column":5}}]},"31":{"loc":{"start":{"line":120,"column":8},"end":{"line":120,"column":7}},"type":"binary-expr","locations":[{"start":{"line":120,"column":8},"end":{"line":120,"column":7}},{"start":{"line":120,"column":27},"end":{"line":120,"column":8}},{"start":{"line":120,"column":43},"end":{"line":120,"column":8}},{"start":{"line":120,"column":83},"end":{"line":120,"column":4}}]},"32":{"loc":{"start":{"line":123,"column":6},"end":{"line":124,"column":8}},"type":"if","locations":[{"start":{"line":123,"column":6},"end":{"line":124,"column":8}},{"start":{"line":123,"column":6},"end":{"line":124,"column":8}}]},"33":{"loc":{"start":{"line":123,"column":10},"end":{"line":123,"column":9}},"type":"binary-expr","locations":[{"start":{"line":123,"column":10},"end":{"line":123,"column":9}},{"start":{"line":123,"column":27},"end":{"line":123,"column":6}}]},"34":{"loc":{"start":{"line":128,"column":2},"end":{"line":128,"column":52}},"type":"if","locations":[{"start":{"line":128,"column":2},"end":{"line":128,"column":52}},{"start":{"line":128,"column":2},"end":{"line":128,"column":52}}]},"35":{"loc":{"start":{"line":128,"column":6},"end":{"line":128,"column":17}},"type":"binary-expr","locations":[{"start":{"line":128,"column":6},"end":{"line":128,"column":17}},{"start":{"line":128,"column":18},"end":{"line":128,"column":2}}]},"36":{"loc":{"start":{"line":148,"column":2},"end":{"line":147,"column":65}},"type":"if","locations":[{"start":{"line":148,"column":2},"end":{"line":147,"column":65}},{"start":{"line":148,"column":2},"end":{"line":147,"column":65}}]},"37":{"loc":{"start":{"line":156,"column":4},"end":{"line":153,"column":46}},"type":"if","locations":[{"start":{"line":156,"column":4},"end":{"line":153,"column":46}},{"start":{"line":156,"column":4},"end":{"line":153,"column":46}}]},"38":{"loc":{"start":{"line":159,"column":4},"end":{"line":172,"column":5}},"type":"if","locations":[{"start":{"line":159,"column":4},"end":{"line":172,"column":5}},{"start":{"line":159,"column":4},"end":{"line":172,"column":5}}]},"39":{"loc":{"start":{"line":159,"column":8},"end":{"line":159,"column":7}},"type":"binary-expr","locations":[{"start":{"line":159,"column":8},"end":{"line":159,"column":7}},{"start":{"line":159,"column":27},"end":{"line":159,"column":8}},{"start":{"line":159,"column":43},"end":{"line":159,"column":8}},{"start":{"line":159,"column":83},"end":{"line":159,"column":4}}]},"40":{"loc":{"start":{"line":162,"column":6},"end":{"line":170,"column":7}},"type":"if","locations":[{"start":{"line":162,"column":6},"end":{"line":170,"column":7}},{"start":{"line":162,"column":6},"end":{"line":170,"column":7}}]},"41":{"loc":{"start":{"line":162,"column":10},"end":{"line":162,"column":9}},"type":"binary-expr","locations":[{"start":{"line":162,"column":10},"end":{"line":162,"column":9}},{"start":{"line":162,"column":40},"end":{"line":162,"column":6}}]},"42":{"loc":{"start":{"line":164,"column":13},"end":{"line":170,"column":7}},"type":"if","locations":[{"start":{"line":164,"column":13},"end":{"line":170,"column":7}},{"start":{"line":164,"column":13},"end":{"line":170,"column":7}}]},"43":{"loc":{"start":{"line":164,"column":17},"end":{"line":164,"column":16}},"type":"binary-expr","locations":[{"start":{"line":164,"column":17},"end":{"line":164,"column":16}},{"start":{"line":164,"column":34},"end":{"line":164,"column":13}}]},"44":{"loc":{"start":{"line":166,"column":8},"end":{"line":167,"column":10}},"type":"if","locations":[{"start":{"line":166,"column":8},"end":{"line":167,"column":10}},{"start":{"line":166,"column":8},"end":{"line":167,"column":10}}]},"45":{"loc":{"start":{"line":166,"column":12},"end":{"line":166,"column":11}},"type":"binary-expr","locations":[{"start":{"line":166,"column":12},"end":{"line":166,"column":11}},{"start":{"line":166,"column":44},"end":{"line":166,"column":8}}]},"46":{"loc":{"start":{"line":175,"column":2},"end":{"line":175,"column":52}},"type":"if","locations":[{"start":{"line":175,"column":2},"end":{"line":175,"column":52}},{"start":{"line":175,"column":2},"end":{"line":175,"column":52}}]},"47":{"loc":{"start":{"line":175,"column":6},"end":{"line":175,"column":17}},"type":"binary-expr","locations":[{"start":{"line":175,"column":6},"end":{"line":175,"column":17}},{"start":{"line":175,"column":18},"end":{"line":175,"column":2}}]},"48":{"loc":{"start":{"line":190,"column":6},"end":{"line":189,"column":61}},"type":"if","locations":[{"start":{"line":190,"column":6},"end":{"line":189,"column":61}},{"start":{"line":190,"column":6},"end":{"line":189,"column":61}}]},"49":{"loc":{"start":{"line":201,"column":8},"end":{"line":206,"column":9}},"type":"if","locations":[{"start":{"line":201,"column":8},"end":{"line":206,"column":9}},{"start":{"line":201,"column":8},"end":{"line":206,"column":9}}]},"50":{"loc":{"start":{"line":201,"column":12},"end":{"line":201,"column":11}},"type":"binary-expr","locations":[{"start":{"line":201,"column":12},"end":{"line":201,"column":11}},{"start":{"line":201,"column":31},"end":{"line":201,"column":12}},{"start":{"line":201,"column":47},"end":{"line":201,"column":12}},{"start":{"line":201,"column":87},"end":{"line":201,"column":8}}]},"51":{"loc":{"start":{"line":204,"column":10},"end":{"line":205,"column":12}},"type":"if","locations":[{"start":{"line":204,"column":10},"end":{"line":205,"column":12}},{"start":{"line":204,"column":10},"end":{"line":205,"column":12}}]},"52":{"loc":{"start":{"line":204,"column":14},"end":{"line":204,"column":13}},"type":"binary-expr","locations":[{"start":{"line":204,"column":14},"end":{"line":204,"column":13}},{"start":{"line":204,"column":34},"end":{"line":204,"column":10}}]},"53":{"loc":{"start":{"line":209,"column":6},"end":{"line":209,"column":56}},"type":"if","locations":[{"start":{"line":209,"column":6},"end":{"line":209,"column":56}},{"start":{"line":209,"column":6},"end":{"line":209,"column":56}}]},"54":{"loc":{"start":{"line":209,"column":10},"end":{"line":209,"column":21}},"type":"binary-expr","locations":[{"start":{"line":209,"column":10},"end":{"line":209,"column":21}},{"start":{"line":209,"column":22},"end":{"line":209,"column":6}}]},"55":{"loc":{"start":{"line":212,"column":6},"end":{"line":213,"column":8}},"type":"if","locations":[{"start":{"line":212,"column":6},"end":{"line":213,"column":8}},{"start":{"line":212,"column":6},"end":{"line":213,"column":8}}]},"56":{"loc":{"start":{"line":212,"column":10},"end":{"line":212,"column":21}},"type":"binary-expr","locations":[{"start":{"line":212,"column":10},"end":{"line":212,"column":21}},{"start":{"line":212,"column":22},"end":{"line":212,"column":6}}]},"57":{"loc":{"start":{"line":216,"column":6},"end":{"line":216,"column":26}},"type":"if","locations":[{"start":{"line":216,"column":6},"end":{"line":216,"column":26}},{"start":{"line":216,"column":6},"end":{"line":216,"column":26}}]},"58":{"loc":{"start":{"line":217,"column":6},"end":{"line":217,"column":66}},"type":"if","locations":[{"start":{"line":217,"column":6},"end":{"line":217,"column":66}},{"start":{"line":217,"column":6},"end":{"line":217,"column":66}}]},"59":{"loc":{"start":{"line":217,"column":10},"end":{"line":217,"column":26}},"type":"binary-expr","locations":[{"start":{"line":217,"column":10},"end":{"line":217,"column":26}},{"start":{"line":217,"column":27},"end":{"line":217,"column":6}}]}},"s":{"0":0,"1":0,"2":0,"3":0,"4":0,"5":0,"6":0,"7":0,"8":0,"9":0,"10":0,"11":0,"12":0,"13":0,"14":0,"15":0,"16":0,"17":0,"18":0,"19":0,"20":0,"21":0,"22":0,"23":0,"24":0,"25":0,"26":0,"27":0,"28":0,"29":0,"30":0,"31":0,"32":0,"33":0,"34":0,"35":0,"36":0,"37":0,"38":0,"39":0,"40":0,"41":0,"42":0,"43":0,"44":0,"45":0,"46":0,"47":0,"48":0,"49":0,"50":0,"51":0,"52":0,"53":0,"54":0,"55":0,"56":0,"57":0,"58":0,"59":0,"60":0,"61":0,"62":0,"63":0,"64":0,"65":0,"66":0,"67":0,"68":0,"69":0,"70":0,"71":0,"72":0,"73":0,"74":0,"75":0,"76":0,"77":0,"78":0,"79":0,"80":0,"81":0,"82":0,"83":0,"84":0,"85":0,"86":0,"87":0,"88":0,"89":0,"90":0,"91":0,"92":0,"93":0,"94":0,"95":0,"96":0,"97":0,"98":0,"99":0,"100":0,"101":0,"102":0},"f":{"0":0,"1":0,"2":0,"3":0,"4":0,"5":0,"6":0,"7":0,"8":0,"9":0,"10":0,"11":0},"b":{"0":[0,0],"1":[0,0],"2":[0,0],"3":[0,0],"4":[0,0],"5":[0,0,0,0],"6":[0,0],"7":[0,0],"8":[0,0],"9":[0,0],"10":[0,0],"11":[0,0],"12":[0,0],"13":[0,0],"14":[0,0,0],"15":[0,0],"16":[0,0],"17":[0,0,0,0],"18":[0,0],"19":[0,0],"20":[0,0],"21":[0,0],"22":[0,0],"23":[0,0],"24":[0,0,0,0],"25":[0,0],"26":[0,0],"27":[0,0],"28":[0,0],"29":[0,0],"30":[0,0],"31":[0,0,0,0],"32":[0,0],"33":[0,0],"34":[0,0],"35":[0,0],"36":[0,0],"37":[0,0],"38":[0,0],"39":[0,0,0,0],"40":[0,0],"41":[0,0],"42":[0,0],"43":[0,0],"44":[0,0],"45":[0,0],"46":[0,0],"47":[0,0],"48":[0,0],"49":[0,0],"50":[0,0,0,0],"51":[0,0],"52":[0,0],"53":[0,0],"54":[0,0],"55":[0,0],"56":[0,0],"57":[0,0],"58":[0,0],"59":[0,0]}}
,"/home/xtr3m3/projects/analytics/event-layer/lib/initialize.js": {"path":"/home/xtr3m3/projects/analytics/event-layer/lib/initialize.js","statementMap":{"0":{"start":{"line":1,"column":10},"end":{"line":1,"column":27}},"1":{"start":{"line":2,"column":17},"end":{"line":2,"column":38}},"2":{"start":{"line":4,"column":0},"end":{"line":27,"column":1}},"3":{"start":{"line":5,"column":32},"end":{"line":5,"column":48}},"4":{"start":{"line":6,"column":36},"end":{"line":6,"column":50}},"5":{"start":{"line":8,"column":21},"end":{"line":8,"column":83}},"6":{"start":{"line":10,"column":2},"end":{"line":12,"column":3}},"7":{"start":{"line":11,"column":4},"end":{"line":11,"column":103}},"8":{"start":{"line":14,"column":26},"end":{"line":14,"column":28}},"9":{"start":{"line":16,"column":2},"end":{"line":24,"column":4}},"10":{"start":{"line":17,"column":20},"end":{"line":17,"column":33}},"11":{"start":{"line":18,"column":4},"end":{"line":18,"column":24}},"12":{"start":{"line":20,"column":4},"end":{"line":23,"column":6}},"13":{"start":{"line":26,"column":2},"end":{"line":26,"column":24}}},"fnMap":{"0":{"name":"(anonymous_0)","decl":{"start":{"line":4,"column":17},"end":{"line":4,"column":18}},"loc":{"start":{"line":4,"column":29},"end":{"line":27,"column":1}},"line":4},"1":{"name":"(anonymous_1)","decl":{"start":{"line":16,"column":39},"end":{"line":16,"column":40}},"loc":{"start":{"line":16,"column":48},"end":{"line":24,"column":3}},"line":16}},"branchMap":{"0":{"loc":{"start":{"line":10,"column":2},"end":{"line":12,"column":3}},"type":"if","locations":[{"start":{"line":10,"column":2},"end":{"line":12,"column":3}},{"start":{"line":10,"column":2},"end":{"line":12,"column":3}}],"line":10}},"s":{"0":1,"1":1,"2":1,"3":2,"4":2,"5":2,"6":2,"7":1,"8":1,"9":1,"10":1,"11":1,"12":1,"13":1},"f":{"0":2,"1":1},"b":{"0":[1,1]},"_coverageSchema":"332fd63041d2c1bcb487cc26dd0d5f7d97098a6c","hash":"312ea60736ab18053e5db52f98d34217b04cfd46"}
}
