TN:
SF:/home/xtr3m3/projects/analytics/event-layer/lib/config.js
FN:5,(anonymous_0)
FN:13,(anonymous_1)
FN:19,(anonymous_2)
FNF:3
FNH:0
FNDA:0,(anonymous_0)
FNDA:0,(anonymous_1)
FNDA:0,(anonymous_2)
DA:1,0
DA:6,0
DA:14,0
LF:3
LH:0
BRF:0
BRH:0
end_of_record
TN:
SF:/home/xtr3m3/projects/analytics/event-layer/lib/index.js
FN:3,(anonymous_0)
FN:8,convertDates
FN:22,track
FN:47,page
FN:91,group
FN:111,alias
FN:147,fbTrack
FN:181,(anonymous_7)
FN:184,(anonymous_8)
FN:189,(anonymous_9)
FN:211,(anonymous_10)
FN:215,(anonymous_11)
FNF:12
FNH:0
FNDA:0,(anonymous_0)
FNDA:0,convertDates
FNDA:0,track
FNDA:0,page
FNDA:0,group
FNDA:0,alias
FNDA:0,fbTrack
FNDA:0,(anonymous_7)
FNDA:0,(anonymous_8)
FNDA:0,(anonymous_9)
FNDA:0,(anonymous_10)
FNDA:0,(anonymous_11)
DA:1,0
DA:3,0
DA:9,0
DA:11,0
DA:13,0
DA:14,0
DA:15,0
DA:16,0
DA:19,0
DA:23,0
DA:25,0
DA:27,0
DA:28,0
DA:31,0
DA:36,0
DA:37,0
DA:39,0
DA:40,0
DA:44,0
DA:48,0
DA:50,0
DA:53,0
DA:54,0
DA:55,0
DA:56,0
DA:57,0
DA:58,0
DA:62,0
DA:63,0
DA:64,0
DA:65,0
DA:67,0
DA:74,0
DA:76,0
DA:77,0
DA:80,0
DA:83,0
DA:84,0
DA:88,0
DA:92,0
DA:94,0
DA:96,0
DA:97,0
DA:100,0
DA:103,0
DA:104,0
DA:108,0
DA:112,0
DA:114,0
DA:116,0
DA:117,0
DA:120,0
DA:123,0
DA:124,0
DA:128,0
DA:148,0
DA:150,0
DA:153,0
DA:154,0
DA:156,0
DA:159,0
DA:162,0
DA:163,0
DA:164,0
DA:166,0
DA:167,0
DA:169,0
DA:175,0
DA:179,0
DA:181,0
DA:183,0
DA:190,0
DA:192,0
DA:195,0
DA:197,0
DA:198,0
DA:201,0
DA:204,0
DA:205,0
DA:209,0
DA:212,0
DA:213,0
DA:216,0
DA:217,0
DA:218,0
LF:85
LH:0
BRDA:9,0,0,0
BRDA:9,0,1,0
BRDA:15,1,0,0
BRDA:15,1,1,0
BRDA:16,2,0,0
BRDA:16,2,1,0
BRDA:23,3,0,0
BRDA:23,3,1,0
BRDA:31,4,0,0
BRDA:31,4,1,0
BRDA:31,5,0,0
BRDA:31,5,1,0
BRDA:31,5,2,0
BRDA:31,5,3,0
BRDA:36,6,0,0
BRDA:36,6,1,0
BRDA:36,7,0,0
BRDA:36,7,1,0
BRDA:39,8,0,0
BRDA:39,8,1,0
BRDA:39,9,0,0
BRDA:39,9,1,0
BRDA:44,10,0,0
BRDA:44,10,1,0
BRDA:44,11,0,0
BRDA:44,11,1,0
BRDA:48,12,0,0
BRDA:48,12,1,0
BRDA:53,13,0,0
BRDA:53,13,1,0
BRDA:53,14,0,0
BRDA:53,14,1,0
BRDA:53,14,2,0
BRDA:62,15,0,0
BRDA:62,15,1,0
BRDA:80,16,0,0
BRDA:80,16,1,0
BRDA:80,17,0,0
BRDA:80,17,1,0
BRDA:80,17,2,0
BRDA:80,17,3,0
BRDA:83,18,0,0
BRDA:83,18,1,0
BRDA:83,19,0,0
BRDA:83,19,1,0
BRDA:88,20,0,0
BRDA:88,20,1,0
BRDA:88,21,0,0
BRDA:88,21,1,0
BRDA:92,22,0,0
BRDA:92,22,1,0
BRDA:100,23,0,0
BRDA:100,23,1,0
BRDA:100,24,0,0
BRDA:100,24,1,0
BRDA:100,24,2,0
BRDA:100,24,3,0
BRDA:103,25,0,0
BRDA:103,25,1,0
BRDA:103,26,0,0
BRDA:103,26,1,0
BRDA:108,27,0,0
BRDA:108,27,1,0
BRDA:108,28,0,0
BRDA:108,28,1,0
BRDA:112,29,0,0
BRDA:112,29,1,0
BRDA:120,30,0,0
BRDA:120,30,1,0
BRDA:120,31,0,0
BRDA:120,31,1,0
BRDA:120,31,2,0
BRDA:120,31,3,0
BRDA:123,32,0,0
BRDA:123,32,1,0
BRDA:123,33,0,0
BRDA:123,33,1,0
BRDA:128,34,0,0
BRDA:128,34,1,0
BRDA:128,35,0,0
BRDA:128,35,1,0
BRDA:148,36,0,0
BRDA:148,36,1,0
BRDA:156,37,0,0
BRDA:156,37,1,0
BRDA:159,38,0,0
BRDA:159,38,1,0
BRDA:159,39,0,0
BRDA:159,39,1,0
BRDA:159,39,2,0
BRDA:159,39,3,0
BRDA:162,40,0,0
BRDA:162,40,1,0
BRDA:162,41,0,0
BRDA:162,41,1,0
BRDA:164,42,0,0
BRDA:164,42,1,0
BRDA:164,43,0,0
BRDA:164,43,1,0
BRDA:166,44,0,0
BRDA:166,44,1,0
BRDA:166,45,0,0
BRDA:166,45,1,0
BRDA:175,46,0,0
BRDA:175,46,1,0
BRDA:175,47,0,0
BRDA:175,47,1,0
BRDA:190,48,0,0
BRDA:190,48,1,0
BRDA:201,49,0,0
BRDA:201,49,1,0
BRDA:201,50,0,0
BRDA:201,50,1,0
BRDA:201,50,2,0
BRDA:201,50,3,0
BRDA:204,51,0,0
BRDA:204,51,1,0
BRDA:204,52,0,0
BRDA:204,52,1,0
BRDA:209,53,0,0
BRDA:209,53,1,0
BRDA:209,54,0,0
BRDA:209,54,1,0
BRDA:212,55,0,0
BRDA:212,55,1,0
BRDA:212,56,0,0
BRDA:212,56,1,0
BRDA:216,57,0,0
BRDA:216,57,1,0
BRDA:217,58,0,0
BRDA:217,58,1,0
BRDA:217,59,0,0
BRDA:217,59,1,0
BRF:133
BRH:0
end_of_record
TN:
SF:/home/xtr3m3/projects/analytics/event-layer/lib/initialize.js
FN:4,(anonymous_0)
FN:16,(anonymous_1)
FNF:2
FNH:2
FNDA:2,(anonymous_0)
FNDA:1,(anonymous_1)
DA:1,1
DA:2,1
DA:4,1
DA:5,2
DA:6,2
DA:8,2
DA:10,2
DA:11,1
DA:14,1
DA:16,1
DA:17,1
DA:18,1
DA:20,1
DA:26,1
LF:14
LH:14
BRDA:10,0,0,1
BRDA:10,0,1,1
BRF:2
BRH:2
end_of_record
